{"total": {"lines":{"total":50,"covered":50,"skipped":0,"pct":100},"statements":{"total":56,"covered":56,"skipped":0,"pct":100},"functions":{"total":17,"covered":16,"skipped":0,"pct":94.12},"branches":{"total":29,"covered":29,"skipped":0,"pct":100}}
,"C:\\Projects\\tailwind-hsluv\\src\\color-names.js": {"lines":{"total":6,"covered":6,"skipped":0,"pct":100},"functions":{"total":2,"covered":2,"skipped":0,"pct":100},"statements":{"total":7,"covered":7,"skipped":0,"pct":100},"branches":{"total":4,"covered":4,"skipped":0,"pct":100}}
,"C:\\Projects\\tailwind-hsluv\\src\\index.js": {"lines":{"total":20,"covered":20,"skipped":0,"pct":100},"functions":{"total":6,"covered":5,"skipped":0,"pct":83.33},"statements":{"total":21,"covered":21,"skipped":0,"pct":100},"branches":{"total":12,"covered":12,"skipped":0,"pct":100}}
,"C:\\Projects\\tailwind-hsluv\\src\\utils.js": {"lines":{"total":24,"covered":24,"skipped":0,"pct":100},"functions":{"total":9,"covered":9,"skipped":0,"pct":100},"statements":{"total":28,"covered":28,"skipped":0,"pct":100},"branches":{"total":13,"covered":13,"skipped":0,"pct":100}}
}
